0 info it worked if it ends with ok
1 verbose cli [ '/usr/local/bin/node', '/usr/local/bin/npm', 'start' ]
2 info using npm@3.3.6
3 info using node@v5.0.0
4 verbose run-script [ 'prestart', 'start', 'poststart' ]
5 info lifecycle tldr@1.0.0~prestart: tldr@1.0.0
6 silly lifecycle tldr@1.0.0~prestart: no script for prestart, continuing
7 info lifecycle tldr@1.0.0~start: tldr@1.0.0
8 verbose lifecycle tldr@1.0.0~start: unsafe-perm in lifecycle true
9 verbose lifecycle tldr@1.0.0~start: PATH: /usr/local/lib/node_modules/npm/bin/node-gyp-bin:/var/www/nodejs/tldr/node_modules/.bin:~/.composer/vendor/bin:/home/vagrant/.rbenv/plugins/ruby-build/bin:/home/vagrant/.rbenv/shims:/home/vagrant/.rbenv/bin:/home/vagrant/.rbenv/plugins/ruby-build/bin:/home/vagrant/.rbenv/shims:/home/vagrant/.rbenv/bin:/usr/local/sbin:/usr/local/bin:/usr/sbin:/usr/bin:/sbin:/bin:/usr/games:/usr/local/games
10 verbose lifecycle tldr@1.0.0~start: CWD: /var/www/nodejs/tldr
11 silly lifecycle tldr@1.0.0~start: Args: [ '-c', 'node index.js' ]
12 silly lifecycle tldr@1.0.0~start: Returned: code: 137  signal: null
13 info lifecycle tldr@1.0.0~start: Failed to exec start script
14 verbose stack Error: tldr@1.0.0 start: `node index.js`
14 verbose stack Exit status 137
14 verbose stack     at EventEmitter.<anonymous> (/usr/local/lib/node_modules/npm/lib/utils/lifecycle.js:233:16)
14 verbose stack     at emitTwo (events.js:87:13)
14 verbose stack     at EventEmitter.emit (events.js:172:7)
14 verbose stack     at ChildProcess.<anonymous> (/usr/local/lib/node_modules/npm/lib/utils/spawn.js:24:14)
14 verbose stack     at emitTwo (events.js:87:13)
14 verbose stack     at ChildProcess.emit (events.js:172:7)
14 verbose stack     at maybeClose (internal/child_process.js:818:16)
14 verbose stack     at Process.ChildProcess._handle.onexit (internal/child_process.js:211:5)
15 verbose pkgid tldr@1.0.0
16 verbose cwd /var/www/nodejs/tldr
17 error Linux 3.13.0-55-generic
18 error argv "/usr/local/bin/node" "/usr/local/bin/npm" "start"
19 error node v5.0.0
20 error npm  v3.3.6
21 error code ELIFECYCLE
22 error tldr@1.0.0 start: `node index.js`
22 error Exit status 137
23 error Failed at the tldr@1.0.0 start script 'node index.js'.
23 error This is most likely a problem with the tldr package,
23 error not with npm itself.
23 error Tell the author that this fails on your system:
23 error     node index.js
23 error You can get their info via:
23 error     npm owner ls tldr
23 error There is likely additional logging output above.
24 verbose exit [ 1, true ]
